<?xml version="1.0" encoding="UTF-8"?>
<testng-results ignored="0" total="2" passed="2" failed="0" skipped="0">
  <reporter-output>
  </reporter-output>
  <suite started-at="2023-07-04T20:45:14 IST" name="Default suite" finished-at="2023-07-04T20:45:37 IST" duration-ms="22540">
    <groups>
    </groups>
    <test started-at="2023-07-04T20:45:14 IST" name="Default test" finished-at="2023-07-04T20:45:37 IST" duration-ms="22540">
      <class name="Runner_script.Runnerscript">
        <test-method is-config="true" signature="openAppln()[pri:0, instance:Runner_script.Runnerscript@2313052e]" started-at="2023-07-04T20:45:14 IST" name="openAppln" finished-at="2023-07-04T20:45:23 IST" duration-ms="9407" status="PASS">
          <reporter-output>
          </reporter-output>
        </test-method> <!-- openAppln -->
        <test-method signature="test1(java.lang.String,java.lang.String)[pri:0, instance:Runner_script.Runnerscript@2313052e]" started-at="2023-07-04T20:45:23 IST" name="test1" data-provider="testData" finished-at="2023-07-04T20:45:25 IST" duration-ms="1965" status="PASS">
          <params>
            <param index="0">
              <value>
                <![CDATA[appu]]>
              </value>
            </param>
            <param index="1">
              <value>
                <![CDATA[123456]]>
              </value>
            </param>
          </params>
          <reporter-output>
          </reporter-output>
        </test-method> <!-- test1 -->
        <test-method is-config="true" signature="closeApp(org.testng.ITestResult)[pri:0, instance:Runner_script.Runnerscript@2313052e]" started-at="2023-07-04T20:45:25 IST" name="closeApp" finished-at="2023-07-04T20:45:26 IST" duration-ms="297" status="PASS">
          <params>
            <param index="0">
              <value>
                <![CDATA[[TestResult name=test1 status=SUCCESS method=Runnerscript.test1(java.lang.String,java.lang.String)[pri:0, instance:Runner_script.Runnerscript@2313052e] output={null}]]]>
              </value>
            </param>
          </params>
          <reporter-output>
          </reporter-output>
        </test-method> <!-- closeApp -->
        <test-method is-config="true" signature="openAppln()[pri:0, instance:Runner_script.Runnerscript@2313052e]" started-at="2023-07-04T20:45:26 IST" name="openAppln" finished-at="2023-07-04T20:45:36 IST" duration-ms="9806" status="PASS">
          <reporter-output>
          </reporter-output>
        </test-method> <!-- openAppln -->
        <test-method signature="test1(java.lang.String,java.lang.String)[pri:0, instance:Runner_script.Runnerscript@2313052e]" started-at="2023-07-04T20:45:36 IST" name="test1" data-provider="testData" finished-at="2023-07-04T20:45:36 IST" duration-ms="608" status="PASS">
          <params>
            <param index="0">
              <value>
                <![CDATA[biradar]]>
              </value>
            </param>
            <param index="1">
              <value>
                <![CDATA[789456]]>
              </value>
            </param>
          </params>
          <reporter-output>
          </reporter-output>
        </test-method> <!-- test1 -->
        <test-method is-config="true" signature="closeApp(org.testng.ITestResult)[pri:0, instance:Runner_script.Runnerscript@2313052e]" started-at="2023-07-04T20:45:36 IST" name="closeApp" finished-at="2023-07-04T20:45:37 IST" duration-ms="352" status="PASS">
          <params>
            <param index="0">
              <value>
                <![CDATA[[TestResult name=test1 status=SUCCESS method=Runnerscript.test1(java.lang.String,java.lang.String)[pri:0, instance:Runner_script.Runnerscript@2313052e] output={null}]]]>
              </value>
            </param>
          </params>
          <reporter-output>
          </reporter-output>
        </test-method> <!-- closeApp -->
      </class> <!-- Runner_script.Runnerscript -->
    </test> <!-- Default test -->
  </suite> <!-- Default suite -->
</testng-results>
